OpenAI Codex v0.104.0 (research preview)
--------
workdir: /Users/james/Repos/wibandwob-dos
model: gpt-5.3-codex
provider: openai
approval: never
sandbox: workspace-write [workdir, /tmp, $TMPDIR]
reasoning effort: medium
reasoning summaries: auto
session id: 019c7b1a-fba6-7c91-9606-a61b1d073b8d
--------
user
DEVNOTE: Files inside .codex-logs/ are run logs — ignore them completely.

== CONTEXT ==

Repo: /Users/james/Repos/wibandwob-dos, branch mvp/mvp001-wibwobcity.
C++14 Turbo Vision TUI app (vendor/tvision). WibWobCity is a Micropolis ASCII
city-builder. Key files:

  app/micropolis_ascii_view.h/.cpp       TMicropolisAsciiView (map + input + HUD)
  app/micropolis/micropolis_bridge.h/.cpp  bridge to Micropolis engine
  app/CMakeLists.txt                     build config

Window created by createMicropolisAsciiWindow() at the bottom of
micropolis_ascii_view.cpp. Current layout: one interior TView fills the whole
client area.

== REFERENCE: CLASSIC SIMCITY TOOL PALETTE ==

Original SimCity (1989, Maxis) had a narrow vertical tool panel on the right
side of the screen — tools listed with name + cost, active tool highlighted.
The TUI version should evoke this: fixed-width right-hand panel, tools 1-9,
active tool marked ">", costs right-aligned.

Target ASCII layout for a 16-char-wide palette:

  $3000  Jan 1901       <- funds + date
  Pop: 142              <- population
  ─────────────────
 >1 Query      $0
  2 Bulldoze   $1
  3 Road      $10
  4 Wire       $5
  5 Res      $100
  6 Com      $100
  7 Ind      $100
  8 CoalPwr  $3k
  9 NucPwr   $5k
  ─────────────────
  >> No funds           <- result flash, blank when empty

Real tool costs from gCostOf[] in vendor/MicropolisCore/MicropolisEngine/src/tool.cpp:
  TOOL_RESIDENTIAL=0   $100  3x3
  TOOL_COMMERCIAL=1    $100  3x3
  TOOL_INDUSTRIAL=2    $100  3x3
  TOOL_QUERY=5         $0    1x1
  TOOL_WIRE=6          $5    1x1
  TOOL_BULLDOZER=7     $1    1x1
  TOOL_ROAD=9          $10   1x1
  TOOL_COALPOWER=13    $3000 4x4
  TOOL_NUCLEARPOWER=14 $5000 4x4

== TASK ==

Add TMicropolisToolPalette — a right-hand panel view inside the WibWobCity window.
Non-breaking: all existing keyboard handling and tests must stay unchanged.

=== Step 1: Public getters on TMicropolisAsciiView ===

Add to micropolis_ascii_view.h (public section):
  int activeTool() const { return activeTool_; }
  std::string lastResult() const { return lastResult_; }
  int lastResultTick() const { return lastResultTick_; }
  MicropolisSnapshot snapshot() const { return bridge_.snapshot(); }

=== Step 2: New files app/micropolis_tool_palette.h and app/micropolis_tool_palette.cpp ===

class TMicropolisToolPalette : public TView {
public:
    TMicropolisToolPalette(const TRect &bounds, TMicropolisAsciiView *mapView);
    virtual void draw() override;
    virtual void handleEvent(TEvent &ev) override;
private:
    TMicropolisAsciiView *map_;
};

draw() rules:
- HARD RULE: NO raw ANSI escape bytes (\x1b[) near TDrawBuffer — treat as bug
- Use TColorAttr + putChar / putAttribute / moveStr only
- Active tool row: bright colour (e.g. TColorAttr(0x1F) white-on-blue)
- Inactive rows: TColorAttr(0x03) dark cyan on black
- Header rows (funds/date/pop): TColorAttr(0x70) dark on light
- Divider rows: TColorAttr(0x07), fill with dashes or spaces
- Costs: show "$0", "$1", "$10", "$100", "$3k", "$5k" right-aligned in the row
- Tool names and costs hardcoded in a static table inside the .cpp — no engine
  headers needed, just mirror the integer constants already in micropolis_ascii_view.cpp
- Redraw triggered by evBroadcast cmTimerExpired (same timer the map uses)
- No keyboard handling — all input stays in TMicropolisAsciiView

handleEvent():
- Listen for evBroadcast + cmTimerExpired -> drawView(), do NOT clearEvent

=== Step 3: Update window layout in micropolis_ascii_view.cpp ===

In TMicropolisAsciiWindow::setup(), split the client area:

  TRect interior = getExtent();
  interior.grow(-1, -1);
  constexpr int kPaletteW = 16;
  TRect mapRect = interior;
  mapRect.b.x  -= kPaletteW;
  TRect palRect = interior;
  palRect.a.x   = interior.b.x - kPaletteW;

  auto *mapView = new TMicropolisAsciiView(mapRect);
  auto *palette = new TMicropolisToolPalette(palRect, mapView);
  insert(mapView);
  insert(palette);

Add #include "micropolis_tool_palette.h" at top of micropolis_ascii_view.cpp.

=== Step 4: Register in app/CMakeLists.txt ===

Find the test_pattern executable source list and add:
  micropolis_tool_palette.cpp

=== Step 5: Build and verify ===

  cmake --build build --target test_pattern -j4

Then run the test suite THREE times (determinism test has a known cold-start
flakiness — must pass at least 2/3):
  for i in 1 2 3; do ctest --test-dir build --output-on-failure -R "micropolis_(determinism|no_ansi)"; done

no_ansi must pass all 3 runs.

=== Guardrails ===
- No \x1b[ bytes in any TDrawBuffer write
- Do not move keyboard handling out of TMicropolisAsciiView
- Do not modify micropolis_bridge.h/.cpp or the two test files
- Files to touch: micropolis_ascii_view.h, micropolis_ascii_view.cpp,
  app/micropolis_tool_palette.h (new), app/micropolis_tool_palette.cpp (new),
  app/CMakeLists.txt
- End with a one-para summary of what was built and any open questions
mcp: chrome-devtools starting
mcp: fastmcp starting
mcp: fastmcp ready
mcp: chrome-devtools ready
mcp startup: ready: fastmcp, chrome-devtools

thinking
**Planning frequent commentary updates**
codex
I’ll implement the new right-side `TMicropolisToolPalette`, wire it into the WibWobCity window layout, and keep all input handling in `TMicropolisAsciiView`. I’m starting by inspecting the current view/window and build files so I can patch only the requested files.
exec
/bin/zsh -lc "sed -n '1,360p' app/micropolis_ascii_view.cpp" in /Users/james/Repos/wibandwob-dosexec
/bin/zsh -lc "sed -n '1,260p' app/CMakeLists.txt" in /Users/james/Repos/wibandwob-dosexec
/bin/zsh -lc "sed -n '1,260p' app/micropolis_ascii_view.h" in /Users/james/Repos/wibandwob-dosexec
/bin/zsh -lc "rg --files app | rg 'micropolis_ascii_view|CMakeLists.txt|micropolis_tool_palette'" in /Users/james/Repos/wibandwob-dos succeeded in 50ms:
#include "micropolis_ascii_view.h"

#define Uses_TWindow
#define Uses_TEvent
#include <tvision/tv.h>

#include <algorithm>
#include <sstream>

namespace {
constexpr int kWorldW = 120;
constexpr int kWorldH = 100;

// Tool IDs matching EditingTool enum in vendor/MicropolisCore/MicropolisEngine/src/tool.h
// Kept here to avoid pulling engine headers into the view
constexpr int kToolRes      = 0;  // TOOL_RESIDENTIAL
constexpr int kToolCom      = 1;  // TOOL_COMMERCIAL
constexpr int kToolInd      = 2;  // TOOL_INDUSTRIAL
constexpr int kToolQuery    = 5;  // TOOL_QUERY
constexpr int kToolWire     = 6;  // TOOL_WIRE
 succeeded in 51ms:
cmake_minimum_required(VERSION 3.10)
project(wibwob-dos-app CXX)

set(CMAKE_CXX_STANDARD 14)
set(CMAKE_CXX_STANDARD_REQUIRED ON)

# Common sources used by multiple apps
set(TV_COMMON_SOURCES
    test_pattern.cpp
    gradient.cpp
    glitch_engine.cpp
    frame_capture.cpp
    api_ipc.cpp
    command_registry.cpp
    window_type_registry.cpp
    theme_manager.cpp
    wibwob_view.cpp
    wibwob_engine.cpp
    llm/base/llm_config.cpp
    llm/base/llm_provider_factory.cpp
 succeeded in 51ms:
#ifndef MICROPOLIS_ASCII_VIEW_H
#define MICROPOLIS_ASCII_VIEW_H

#define Uses_TView
#define Uses_TRect
#define Uses_TEvent
#define Uses_TKeys
#include <tvision/tv.h>

#include <string>
#include "micropolis/micropolis_bridge.h"

class TMicropolisAsciiView : public TView {
public:
    explicit TMicropolisAsciiView(const TRect &bounds);
    virtual ~TMicropolisAsciiView();

    virtual void draw() override;
    virtual void handleEvent(TEvent &ev) override;
    virtual void setState(ushort aState, Boolean enable) override;
 succeeded in 51ms:
app/micropolis_ascii_view.h
app/micropolis_ascii_view.cpp
app/CMakeLists.txt

thinking
**Planning palette integration**
codex
I’ve confirmed the current structure and I’m now patching the five requested files: adding public getters on `TMicropolisAsciiView`, introducing `TMicropolisToolPalette` with timer-driven redraw, splitting the window interior into map + 16-column palette, and registering the new source in CMake.
exec
/bin/zsh -lc "cat > app/micropolis_tool_palette.h <<'EOF'
#ifndef MICROPOLIS_TOOL_PALETTE_H
#define MICROPOLIS_TOOL_PALETTE_H

#define Uses_TView
#define Uses_TRect
#define Uses_TEvent
#include <tvision/tv.h>

class TMicropolisAsciiView;

class TMicropolisToolPalette : public TView {
public:
    TMicropolisToolPalette(const TRect &bounds, TMicropolisAsciiView *mapView);
    virtual void draw() override;
    virtual void handleEvent(TEvent &ev) override;

private:
    TMicropolisAsciiView *map_;
};

#endif // MICROPOLIS_TOOL_PALETTE_H
EOF" in /Users/james/Repos/wibandwob-dosexec
/bin/zsh -lc "cat > app/micropolis_tool_palette.cpp <<'EOF'
#include \"micropolis_tool_palette.h\"

#include \"micropolis_ascii_view.h\"

#include <algorithm>
#include <sstream>
#include <string>

namespace {

constexpr int kToolRes = 0;
constexpr int kToolCom = 1;
constexpr int kToolInd = 2;
constexpr int kToolQuery = 5;
constexpr int kToolWire = 6;
constexpr int kToolBulldoze = 7;
constexpr int kToolRoad = 9;
constexpr int kToolCoalPower = 13;
constexpr int kToolNucPower = 14;

struct PaletteToolRow {
    int hotkey;
    int toolId;
    const char *name;
    const char *cost;
};

const PaletteToolRow kToolRows[] = {
    {1, kToolQuery, \"Query\", \""'$0"},
    {2, kToolBulldoze, "Bulldoze", "$1"},
    {3, kToolRoad, "Road", "$10"},
    {4, kToolWire, "Wire", "$5"},
    {5, kToolRes, "Res", "$100"},
    {6, kToolCom, "Com", "$100"},
    {7, kToolInd, "Ind", "$100"},
    {8, kToolCoalPower, "CoalPwr", "$3k"},
    {9, kToolNucPower, "NucPwr", "$5k"},
};

const char* kMonthNames[] = {
    "Jan", "Feb", "Mar", "Apr", "May", "Jun",
    "Jul", "Aug", "Sep", "Oct", "Nov", "Dec"
};

std::string fitLine(const std::string &s, int width) {
    if (width <= 0) {
        return std::string();
    }
    if ((int)s.size() <= width) {
        return s;
    }
    return s.substr(0, width);
}

void writeFilledLine(TView *view, int y, TColorAttr attr, const std::string &text) {
    if (y < 0 || y >= view->size.y) {
        return;
    }
    TDrawBuffer b;
    b.moveChar(0, '"' ', attr, view->size.x);
    const std::string out = fitLine(text, view->size.x);
    if ("'!out.empty()) {
        b.moveStr(0, out.c_str(), attr);
    }
    view->writeLine(0, y, view->size.x, 1, b);
}

std::string formatFundsDate(const MicropolisSnapshot &s, int width) {
    const int month = static_cast<int>((s.city_time % 48) / 4);
    const int year = static_cast<int>(s.city_time / 48 + 1900);
    std::ostringstream line;
    line << "$" << s.total_funds << " "
         << kMonthNames[std::max(0, std::min(month, 11))] << " " << year;
    return fitLine(line.str(), width);
}

std::string formatToolRow(const PaletteToolRow &row, bool active, int width) {
    if (width <= 0) {
        return std::string();
    }
    std::string text(width, '"' ');

    std::ostringstream prefix;
    prefix << (active ? '>' : ' ') << row.hotkey << \" \" << row.name;
    const std::string left = prefix.str();
    const std::string cost = row.cost;

    for (int i = 0; i < width && i < (int)left.size(); ++i) {
        text[i] = left[i];
    }

    int start = width - static_cast<int>(cost.size());
    if (start < 0) {
        start = 0;
    }
    for (int i = 0; i < (int)cost.size() && (start + i) < width; ++i) {
        text[start + i] = cost[i];
    }

    return text;
}

} // namespace

TMicropolisToolPalette::TMicropolisToolPalette(const TRect &bounds, TMicropolisAsciiView *mapView)
    : TView(bounds)
    , map_(mapView) {
    growMode = gfGrowHiX | gfGrowHiY;
    eventMask |= evBroadcast;
}

void TMicropolisToolPalette::draw() {
    const MicropolisSnapshot s = map_ ? map_->snapshot() : MicropolisSnapshot{};
    const int activeTool = map_ ? map_->activeTool() : -1;
    const std::string result = map_ ? map_->lastResult() : std::string();
    const int resultTick = map_ ? map_->lastResultTick() : 0;

    int y = 0;
    writeFilledLine(this, y++, TColorAttr(0x70), formatFundsDate(s, size.x));

    std::ostringstream pop;
    pop << \"Pop: \" << s.total_pop;
    writeFilledLine(this, y++, TColorAttr(0x70), fitLine(pop.str(), size.x));

    writeFilledLine(this, y++, TColorAttr(0x07), std::string(std::max(0, size.x), '-'));

    for (const PaletteToolRow &row : kToolRows) {
        const bool isActive = row.toolId == activeTool;
        const TColorAttr attr = isActive ? TColorAttr(0x1F) : TColorAttr(0x03);
        writeFilledLine(this, y++, attr, formatToolRow(row, isActive, size.x));
    }

    writeFilledLine(this, y++, TColorAttr(0x07), std::string(std::max(0, size.x), '-'));

    if (resultTick > 0 && "'!result.empty()) {
        writeFilledLine(this, y++, TColorAttr(0x70), fitLine(std::string(">> ") + result, size.x));
    } else {
        writeFilledLine(this, y++, TColorAttr(0x70), std::string());
    }

    for (; y < size.y; ++y) {
        writeFilledLine(this, y, TColorAttr(0x07), std::string());
    }
}

void TMicropolisToolPalette::handleEvent(TEvent &ev) {
    TView::handleEvent(ev);

    if (ev.what == evBroadcast && ev.message.command == cmTimerExpired) {
        drawView();
    }
}
EOF' in /Users/james/Repos/wibandwob-dos succeeded in 50ms:

 succeeded in 50ms:


thinking
**Planning single-file patch application**
codex
I’ve added the new palette files and I’m now patching `micropolis_ascii_view.h/.cpp` and `app/CMakeLists.txt` to expose map state, wire the split layout, and compile the new view.
file update
M /Users/james/Repos/wibandwob-dos/app/micropolis_ascii_view.h
@@ -20,2 +20,6 @@
     virtual void setState(ushort aState, Boolean enable) override;
+    int activeTool() const { return activeTool_; }
+    std::string lastResult() const { return lastResult_; }
+    int lastResultTick() const { return lastResultTick_; }
+    MicropolisSnapshot snapshot() const { return bridge_.snapshot(); }
 
apply_patch(auto_approved=true) exited 0 in 48ms:
Success. Updated the following files:
M app/micropolis_ascii_view.h
file update:
diff --git a/app/micropolis_ascii_view.h b/app/micropolis_ascii_view.h
index 0be5c4af2330949ffe637e64f68a3a6286ece20d..8000c01ad81f4556ce1b7c4686c53be5774c2ba0
--- a/app/micropolis_ascii_view.h
+++ b/app/micropolis_ascii_view.h
@@ -18,6 +18,10 @@
     virtual void draw() override;
     virtual void handleEvent(TEvent &ev) override;
     virtual void setState(ushort aState, Boolean enable) override;
+    int activeTool() const { return activeTool_; }
+    std::string lastResult() const { return lastResult_; }
+    int lastResultTick() const { return lastResultTick_; }
+    MicropolisSnapshot snapshot() const { return bridge_.snapshot(); }
 
 private:
     void startTimer();

file update:
diff --git a/app/micropolis_ascii_view.h b/app/micropolis_ascii_view.h
index 0be5c4af2330949ffe637e64f68a3a6286ece20d..8000c01ad81f4556ce1b7c4686c53be5774c2ba0
--- a/app/micropolis_ascii_view.h
+++ b/app/micropolis_ascii_view.h
@@ -18,6 +18,10 @@
     virtual void draw() override;
     virtual void handleEvent(TEvent &ev) override;
     virtual void setState(ushort aState, Boolean enable) override;
+    int activeTool() const { return activeTool_; }
+    std::string lastResult() const { return lastResult_; }
+    int lastResultTick() const { return lastResultTick_; }
+    MicropolisSnapshot snapshot() const { return bridge_.snapshot(); }
 
 private:
     void startTimer();

file update
M /Users/james/Repos/wibandwob-dos/app/micropolis_ascii_view.cpp
@@ -1,2 +1,3 @@
 #include "micropolis_ascii_view.h"
+#include "micropolis_tool_palette.h"
 
@@ -304,5 +305,14 @@
         options |= ofTileable;
-        TRect c = getExtent();
-        c.grow(-1, -1);
-        insert(new TMicropolisAsciiView(c));
+        TRect interior = getExtent();
+        interior.grow(-1, -1);
+        constexpr int kPaletteW = 16;
+        TRect mapRect = interior;
+        mapRect.b.x -= kPaletteW;
+        TRect palRect = interior;
+        palRect.a.x = interior.b.x - kPaletteW;
+
+        auto *mapView = new TMicropolisAsciiView(mapRect);
+        auto *palette = new TMicropolisToolPalette(palRect, mapView);
+        insert(mapView);
+        insert(palette);
     }
apply_patch(auto_approved=true) exited 0 in 70ms:
Success. Updated the following files:
M app/micropolis_ascii_view.cpp
file update:
diff --git a/app/micropolis_ascii_view.cpp b/app/micropolis_ascii_view.cpp
index 7a38c6d2d581b8b01d8da8aa81ff06618e926ad4..29f334041d8e7ba2875ad75a91dee53cceef9d31
--- a/app/micropolis_ascii_view.cpp
+++ b/app/micropolis_ascii_view.cpp
@@ -1,4 +1,5 @@
 #include "micropolis_ascii_view.h"
+#include "micropolis_tool_palette.h"
 
 #define Uses_TWindow
 #define Uses_TEvent
@@ -302,9 +303,18 @@
 
     void setup() {
         options |= ofTileable;
-        TRect c = getExtent();
-        c.grow(-1, -1);
-        insert(new TMicropolisAsciiView(c));
+        TRect interior = getExtent();
+        interior.grow(-1, -1);
+        constexpr int kPaletteW = 16;
+        TRect mapRect = interior;
+        mapRect.b.x -= kPaletteW;
+        TRect palRect = interior;
+        palRect.a.x = interior.b.x - kPaletteW;
+
+        auto *mapView = new TMicropolisAsciiView(mapRect);
+        auto *palette = new TMicropolisToolPalette(palRect, mapView);
+        insert(mapView);
+        insert(palette);
     }
 };
 
diff --git a/app/micropolis_ascii_view.h b/app/micropolis_ascii_view.h
index 0be5c4af2330949ffe637e64f68a3a6286ece20d..8000c01ad81f4556ce1b7c4686c53be5774c2ba0
--- a/app/micropolis_ascii_view.h
+++ b/app/micropolis_ascii_view.h
@@ -18,6 +18,10 @@
     virtual void draw() override;
     virtual void handleEvent(TEvent &ev) override;
     virtual void setState(ushort aState, Boolean enable) override;
+    int activeTool() const { return activeTool_; }
+    std::string lastResult() const { return lastResult_; }
+    int lastResultTick() const { return lastResultTick_; }
+    MicropolisSnapshot snapshot() const { return bridge_.snapshot(); }
 
 private:
     void startTimer();

file update:
diff --git a/app/micropolis_ascii_view.cpp b/app/micropolis_ascii_view.cpp
index 7a38c6d2d581b8b01d8da8aa81ff06618e926ad4..29f334041d8e7ba2875ad75a91dee53cceef9d31
--- a/app/micropolis_ascii_view.cpp
+++ b/app/micropolis_ascii_view.cpp
@@ -1,4 +1,5 @@
 #include "micropolis_ascii_view.h"
+#include "micropolis_tool_palette.h"
 
 #define Uses_TWindow
 #define Uses_TEvent
@@ -302,9 +303,18 @@
 
     void setup() {
         options |= ofTileable;
-        TRect c = getExtent();
-        c.grow(-1, -1);
-        insert(new TMicropolisAsciiView(c));
+        TRect interior = getExtent();
+        interior.grow(-1, -1);
+        constexpr int kPaletteW = 16;
+        TRect mapRect = interior;
+        mapRect.b.x -= kPaletteW;
+        TRect palRect = interior;
+        palRect.a.x = interior.b.x - kPaletteW;
+
+        auto *mapView = new TMicropolisAsciiView(mapRect);
+        auto *palette = new TMicropolisToolPalette(palRect, mapView);
+        insert(mapView);
+        insert(palette);
     }
 };
 
diff --git a/app/micropolis_ascii_view.h b/app/micropolis_ascii_view.h
index 0be5c4af2330949ffe637e64f68a3a6286ece20d..8000c01ad81f4556ce1b7c4686c53be5774c2ba0
--- a/app/micropolis_ascii_view.h
+++ b/app/micropolis_ascii_view.h
@@ -18,6 +18,10 @@
     virtual void draw() override;
     virtual void handleEvent(TEvent &ev) override;
     virtual void setState(ushort aState, Boolean enable) override;
+    int activeTool() const { return activeTool_; }
+    std::string lastResult() const { return lastResult_; }
+    int lastResultTick() const { return lastResultTick_; }
+    MicropolisSnapshot snapshot() const { return bridge_.snapshot(); }
 
 private:
     void startTimer();


thinking
**Addressing circular includes and CMake patching**
file update
M /Users/james/Repos/wibandwob-dos/app/CMakeLists.txt
@@ -62,2 +62,3 @@
     micropolis_ascii_view.cpp
+    micropolis_tool_palette.cpp
 )
apply_patch(auto_approved=true) exited 0 in 82ms:
Success. Updated the following files:
M app/CMakeLists.txt
file update:
diff --git a/app/CMakeLists.txt b/app/CMakeLists.txt
index 45db8fe2eaaf798b73ebbaa68f01176151b140d7..1c60b8e483e1e35f926fbff4c557c34786c724b1
--- a/app/CMakeLists.txt
+++ b/app/CMakeLists.txt
@@ -60,6 +60,7 @@
     paint/paint_tools.cpp
     paint/paint_window.cpp
     micropolis_ascii_view.cpp
+    micropolis_tool_palette.cpp
 )
 target_include_directories(test_pattern PRIVATE ${CMAKE_CURRENT_SOURCE_DIR})
 target_link_libraries(test_pattern PRIVATE tvision)
diff --git a/app/micropolis_ascii_view.cpp b/app/micropolis_ascii_view.cpp
index 7a38c6d2d581b8b01d8da8aa81ff06618e926ad4..29f334041d8e7ba2875ad75a91dee53cceef9d31
--- a/app/micropolis_ascii_view.cpp
+++ b/app/micropolis_ascii_view.cpp
@@ -1,4 +1,5 @@
 #include "micropolis_ascii_view.h"
+#include "micropolis_tool_palette.h"
 
 #define Uses_TWindow
 #define Uses_TEvent
@@ -302,9 +303,18 @@
 
     void setup() {
         options |= ofTileable;
-        TRect c = getExtent();
-        c.grow(-1, -1);
-        insert(new TMicropolisAsciiView(c));
+        TRect interior = getExtent();
+        interior.grow(-1, -1);
+        constexpr int kPaletteW = 16;
+        TRect mapRect = interior;
+        mapRect.b.x -= kPaletteW;
+        TRect palRect = interior;
+        palRect.a.x = interior.b.x - kPaletteW;
+
+        auto *mapView = new TMicropolisAsciiView(mapRect);
+        auto *palette = new TMicropolisToolPalette(palRect, mapView);
+        insert(mapView);
+        insert(palette);
     }
 };
 
diff --git a/app/micropolis_ascii_view.h b/app/micropolis_ascii_view.h
index 0be5c4af2330949ffe637e64f68a3a6286ece20d..8000c01ad81f4556ce1b7c4686c53be5774c2ba0
--- a/app/micropolis_ascii_view.h
+++ b/app/micropolis_ascii_view.h
@@ -18,6 +18,10 @@
     virtual void draw() override;
     virtual void handleEvent(TEvent &ev) override;
     virtual void setState(ushort aState, Boolean enable) override;
+    int activeTool() const { return activeTool_; }
+    std::string lastResult() const { return lastResult_; }
+    int lastResultTick() const { return lastResultTick_; }
+    MicropolisSnapshot snapshot() const { return bridge_.snapshot(); }
 
 private:
     void startTimer();

file update:
diff --git a/app/CMakeLists.txt b/app/CMakeLists.txt
index 45db8fe2eaaf798b73ebbaa68f01176151b140d7..1c60b8e483e1e35f926fbff4c557c34786c724b1
--- a/app/CMakeLists.txt
+++ b/app/CMakeLists.txt
@@ -60,6 +60,7 @@
     paint/paint_tools.cpp
     paint/paint_window.cpp
     micropolis_ascii_view.cpp
+    micropolis_tool_palette.cpp
 )
 target_include_directories(test_pattern PRIVATE ${CMAKE_CURRENT_SOURCE_DIR})
 target_link_libraries(test_pattern PRIVATE tvision)
diff --git a/app/micropolis_ascii_view.cpp b/app/micropolis_ascii_view.cpp
index 7a38c6d2d581b8b01d8da8aa81ff06618e926ad4..29f334041d8e7ba2875ad75a91dee53cceef9d31
--- a/app/micropolis_ascii_view.cpp
+++ b/app/micropolis_ascii_view.cpp
@@ -1,4 +1,5 @@
 #include "micropolis_ascii_view.h"
+#include "micropolis_tool_palette.h"
 
 #define Uses_TWindow
 #define Uses_TEvent
@@ -302,9 +303,18 @@
 
     void setup() {
         options |= ofTileable;
-        TRect c = getExtent();
-        c.grow(-1, -1);
-        insert(new TMicropolisAsciiView(c));
+        TRect interior = getExtent();
+        interior.grow(-1, -1);
+        constexpr int kPaletteW = 16;
+        TRect mapRect = interior;
+        mapRect.b.x -= kPaletteW;
+        TRect palRect = interior;
+        palRect.a.x = interior.b.x - kPaletteW;
+
+        auto *mapView = new TMicropolisAsciiView(mapRect);
+        auto *palette = new TMicropolisToolPalette(palRect, mapView);
+        insert(mapView);
+        insert(palette);
     }
 };
 
diff --git a/app/micropolis_ascii_view.h b/app/micropolis_ascii_view.h
index 0be5c4af2330949ffe637e64f68a3a6286ece20d..8000c01ad81f4556ce1b7c4686c53be5774c2ba0
--- a/app/micropolis_ascii_view.h
+++ b/app/micropolis_ascii_view.h
@@ -18,6 +18,10 @@
     virtual void draw() override;
     virtual void handleEvent(TEvent &ev) override;
     virtual void setState(ushort aState, Boolean enable) override;
+    int activeTool() const { return activeTool_; }
+    std::string lastResult() const { return lastResult_; }
+    int lastResultTick() const { return lastResultTick_; }
+    MicropolisSnapshot snapshot() const { return bridge_.snapshot(); }
 
 private:
     void startTimer();


thinking
**Running build and tests**
codex
Code edits are in place. Next I’m building `test_pattern`, then running the two Micropolis tests three times as requested to confirm no regressions and no ANSI leakage.
exec
/bin/zsh -lc 'cmake --build build --target test_pattern -j4' in /Users/james/Repos/wibandwob-dosexec
/bin/zsh -lc 'for i in 1 2 3; do echo "=== RUN $i ==="; ctest --test-dir build --output-on-failure -R "micropolis_(determinism|no_ansi)"; done' in /Users/james/Repos/wibandwob-dos succeeded in 159ms:
Test project /Users/james/Repos/wibandwob-dos/build
    Start 3: micropolis_determinism
1/2 Test #3: micropolis_determinism ...........   Passed    0.01 sec
    Start 4: micropolis_no_ansi
2/2 Test #4: micropolis_no_ansi ...............   Passed    0.01 sec

100% tests passed, 0 tests failed out of 2

Total Test time (real) =   0.03 sec
=== RUN 3 ===
Test project /Users/james/Repos/wibandwob-dos/build
    Start 3: micropolis_determinism
1/2 Test #3: micropolis_determinism ...........   Passed    0.01 sec
    Start 4: micropolis_no_ansi
2/2 Test #4: micropolis_no_ansi ...............   Passed    0.00 sec

100% tests passed, 0 tests failed out of 2

Total Test time (real) =   0.02 sec
 succeeded in 11.76s:
-- (tvision) Build Examples: OFF
-- (tvision) Found 'ncursesw': /Applications/Xcode.app/Contents/Developer/Platforms/MacOSX.platform/Developer/SDKs/MacOSX14.2.sdk/usr/lib/libncurses.tbd
-- Configuring done (0.2s)
-- Generating done (0.3s)
-- Build files have been written to: /Users/james/Repos/wibandwob-dos/build
[  9%] Built target micropolis_native
[ 10%] Built target micropolis_bridge
[ 82%] Built target tvision
[ 83%] Building CXX object app/CMakeFiles/test_pattern.dir/test_pattern_app.cpp.o
[ 83%] Building CXX object app/CMakeFiles/test_pattern.dir/window_type_registry.cpp.o
[ 84%] Building CXX object app/CMakeFiles/test_pattern.dir/micropolis_ascii_view.cpp.o
[ 84%] Building CXX object app/CMakeFiles/test_pattern.dir/micropolis_tool_palette.cpp.o
[ 84%] Linking CXX executable test_pattern
[100%] Built target test_pattern
file update:
diff --git a/app/CMakeLists.txt b/app/CMakeLists.txt
index 45db8fe2eaaf798b73ebbaa68f01176151b140d7..1c60b8e483e1e35f926fbff4c557c34786c724b1
--- a/app/CMakeLists.txt
+++ b/app/CMakeLists.txt
@@ -60,6 +60,7 @@
     paint/paint_tools.cpp
     paint/paint_window.cpp
     micropolis_ascii_view.cpp
+    micropolis_tool_palette.cpp
 )
 target_include_directories(test_pattern PRIVATE ${CMAKE_CURRENT_SOURCE_DIR})
 target_link_libraries(test_pattern PRIVATE tvision)
diff --git a/app/micropolis_ascii_view.cpp b/app/micropolis_ascii_view.cpp
index 7a38c6d2d581b8b01d8da8aa81ff06618e926ad4..29f334041d8e7ba2875ad75a91dee53cceef9d31
--- a/app/micropolis_ascii_view.cpp
+++ b/app/micropolis_ascii_view.cpp
@@ -1,4 +1,5 @@
 #include "micropolis_ascii_view.h"
+#include "micropolis_tool_palette.h"
 
 #define Uses_TWindow
 #define Uses_TEvent
@@ -302,9 +303,18 @@
 
     void setup() {
         options |= ofTileable;
-        TRect c = getExtent();
-        c.grow(-1, -1);
-        insert(new TMicropolisAsciiView(c));
+        TRect interior = getExtent();
+        interior.grow(-1, -1);
+        constexpr int kPaletteW = 16;
+        TRect mapRect = interior;
+        mapRect.b.x -= kPaletteW;
+        TRect palRect = interior;
+        palRect.a.x = interior.b.x - kPaletteW;
+
+        auto *mapView = new TMicropolisAsciiView(mapRect);
+        auto *palette = new TMicropolisToolPalette(palRect, mapView);
+        insert(mapView);
+        insert(palette);
     }
 };
 
diff --git a/app/micropolis_ascii_view.h b/app/micropolis_ascii_view.h
index 0be5c4af2330949ffe637e64f68a3a6286ece20d..8000c01ad81f4556ce1b7c4686c53be5774c2ba0
--- a/app/micropolis_ascii_view.h
+++ b/app/micropolis_ascii_view.h
@@ -18,6 +18,10 @@
     virtual void draw() override;
     virtual void handleEvent(TEvent &ev) override;
     virtual void setState(ushort aState, Boolean enable) override;
+    int activeTool() const { return activeTool_; }
+    std::string lastResult() const { return lastResult_; }
+    int lastResultTick() const { return lastResultTick_; }
+    MicropolisSnapshot snapshot() const { return bridge_.snapshot(); }
 
 private:
     void startTimer();


thinking
**Checking for ANSI escape sequences**
codex
Build and all three test runs passed cleanly. I’m doing a quick final diff check against the guardrails (touched files only, no keyboard-path movement, and no ANSI escape usage in palette drawing) before I summarize.
exec
/bin/zsh -lc "rg -n \"\\\\x1b\\\\[\" app/micropolis_ascii_view.cpp app/micropolis_tool_palette.cpp app/micropolis_tool_palette.h app/micropolis_ascii_view.h" in /Users/james/Repos/wibandwob-dosexec
/bin/zsh -lc 'git diff -- app/micropolis_ascii_view.h app/micropolis_ascii_view.cpp app/micropolis_tool_palette.h app/micropolis_tool_palette.cpp app/CMakeLists.txt' in /Users/james/Repos/wibandwob-dos succeeded in 51ms:
diff --git a/app/CMakeLists.txt b/app/CMakeLists.txt
index 45db8fe..1c60b8e 100644
--- a/app/CMakeLists.txt
+++ b/app/CMakeLists.txt
@@ -60,6 +60,7 @@ add_executable(test_pattern
     paint/paint_tools.cpp
     paint/paint_window.cpp
     micropolis_ascii_view.cpp
+    micropolis_tool_palette.cpp
 )
 target_include_directories(test_pattern PRIVATE ${CMAKE_CURRENT_SOURCE_DIR})
 target_link_libraries(test_pattern PRIVATE tvision)
diff --git a/app/micropolis_ascii_view.cpp b/app/micropolis_ascii_view.cpp
index 7a38c6d..29f3340 100644
--- a/app/micropolis_ascii_view.cpp
+++ b/app/micropolis_ascii_view.cpp
@@ -1,4 +1,5 @@
 #include "micropolis_ascii_view.h"
+#include "micropolis_tool_palette.h"
 
 exited 1 in 52ms:

file update:
diff --git a/app/CMakeLists.txt b/app/CMakeLists.txt
index 45db8fe2eaaf798b73ebbaa68f01176151b140d7..1c60b8e483e1e35f926fbff4c557c34786c724b1
--- a/app/CMakeLists.txt
+++ b/app/CMakeLists.txt
@@ -60,6 +60,7 @@
     paint/paint_tools.cpp
     paint/paint_window.cpp
     micropolis_ascii_view.cpp
+    micropolis_tool_palette.cpp
 )
 target_include_directories(test_pattern PRIVATE ${CMAKE_CURRENT_SOURCE_DIR})
 target_link_libraries(test_pattern PRIVATE tvision)
diff --git a/app/micropolis_ascii_view.cpp b/app/micropolis_ascii_view.cpp
index 7a38c6d2d581b8b01d8da8aa81ff06618e926ad4..29f334041d8e7ba2875ad75a91dee53cceef9d31
--- a/app/micropolis_ascii_view.cpp
+++ b/app/micropolis_ascii_view.cpp
@@ -1,4 +1,5 @@
 #include "micropolis_ascii_view.h"
+#include "micropolis_tool_palette.h"
 
 #define Uses_TWindow
 #define Uses_TEvent
@@ -302,9 +303,18 @@
 
     void setup() {
         options |= ofTileable;
-        TRect c = getExtent();
-        c.grow(-1, -1);
-        insert(new TMicropolisAsciiView(c));
+        TRect interior = getExtent();
+        interior.grow(-1, -1);
+        constexpr int kPaletteW = 16;
+        TRect mapRect = interior;
+        mapRect.b.x -= kPaletteW;
+        TRect palRect = interior;
+        palRect.a.x = interior.b.x - kPaletteW;
+
+        auto *mapView = new TMicropolisAsciiView(mapRect);
+        auto *palette = new TMicropolisToolPalette(palRect, mapView);
+        insert(mapView);
+        insert(palette);
     }
 };
 
diff --git a/app/micropolis_ascii_view.h b/app/micropolis_ascii_view.h
index 0be5c4af2330949ffe637e64f68a3a6286ece20d..8000c01ad81f4556ce1b7c4686c53be5774c2ba0
--- a/app/micropolis_ascii_view.h
+++ b/app/micropolis_ascii_view.h
@@ -18,6 +18,10 @@
     virtual void draw() override;
     virtual void handleEvent(TEvent &ev) override;
     virtual void setState(ushort aState, Boolean enable) override;
+    int activeTool() const { return activeTool_; }
+    std::string lastResult() const { return lastResult_; }
+    int lastResultTick() const { return lastResultTick_; }
+    MicropolisSnapshot snapshot() const { return bridge_.snapshot(); }
 
 private:
     void startTimer();


thinking
**Checking untracked file diffs**
exec
/bin/zsh -lc 'git status --short app/micropolis_ascii_view.h app/micropolis_ascii_view.cpp app/micropolis_tool_palette.h app/micropolis_tool_palette.cpp app/CMakeLists.txt' in /Users/james/Repos/wibandwob-dos succeeded in 51ms:
 M app/CMakeLists.txt
 M app/micropolis_ascii_view.cpp
 M app/micropolis_ascii_view.h
?? app/micropolis_tool_palette.cpp
?? app/micropolis_tool_palette.h
file update:
diff --git a/app/CMakeLists.txt b/app/CMakeLists.txt
index 45db8fe2eaaf798b73ebbaa68f01176151b140d7..1c60b8e483e1e35f926fbff4c557c34786c724b1
--- a/app/CMakeLists.txt
+++ b/app/CMakeLists.txt
@@ -60,6 +60,7 @@
     paint/paint_tools.cpp
     paint/paint_window.cpp
     micropolis_ascii_view.cpp
+    micropolis_tool_palette.cpp
 )
 target_include_directories(test_pattern PRIVATE ${CMAKE_CURRENT_SOURCE_DIR})
 target_link_libraries(test_pattern PRIVATE tvision)
diff --git a/app/micropolis_ascii_view.cpp b/app/micropolis_ascii_view.cpp
index 7a38c6d2d581b8b01d8da8aa81ff06618e926ad4..29f334041d8e7ba2875ad75a91dee53cceef9d31
--- a/app/micropolis_ascii_view.cpp
+++ b/app/micropolis_ascii_view.cpp
@@ -1,4 +1,5 @@
 #include "micropolis_ascii_view.h"
+#include "micropolis_tool_palette.h"
 
 #define Uses_TWindow
 #define Uses_TEvent
@@ -302,9 +303,18 @@
 
     void setup() {
         options |= ofTileable;
-        TRect c = getExtent();
-        c.grow(-1, -1);
-        insert(new TMicropolisAsciiView(c));
+        TRect interior = getExtent();
+        interior.grow(-1, -1);
+        constexpr int kPaletteW = 16;
+        TRect mapRect = interior;
+        mapRect.b.x -= kPaletteW;
+        TRect palRect = interior;
+        palRect.a.x = interior.b.x - kPaletteW;
+
+        auto *mapView = new TMicropolisAsciiView(mapRect);
+        auto *palette = new TMicropolisToolPalette(palRect, mapView);
+        insert(mapView);
+        insert(palette);
     }
 };
 
diff --git a/app/micropolis_ascii_view.h b/app/micropolis_ascii_view.h
index 0be5c4af2330949ffe637e64f68a3a6286ece20d..8000c01ad81f4556ce1b7c4686c53be5774c2ba0
--- a/app/micropolis_ascii_view.h
+++ b/app/micropolis_ascii_view.h
@@ -18,6 +18,10 @@
     virtual void draw() override;
     virtual void handleEvent(TEvent &ev) override;
     virtual void setState(ushort aState, Boolean enable) override;
+    int activeTool() const { return activeTool_; }
+    std::string lastResult() const { return lastResult_; }
+    int lastResultTick() const { return lastResultTick_; }
+    MicropolisSnapshot snapshot() const { return bridge_.snapshot(); }
 
 private:
     void startTimer();


thinking
**Finalizing summary and questions**
codex
Implemented the right-hand Micropolis tool palette as a separate `TView` and wired it into the WibWobCity window layout without changing existing keyboard ownership in `TMicropolisAsciiView`: added the four requested public getters in `app/micropolis_ascii_view.h`, created `app/micropolis_tool_palette.h` and `app/micropolis_tool_palette.cpp` with a hardcoded 1–9 tool table, right-aligned costs, header/divider/active/inactive color attributes, and timer-broadcast redraw (`evBroadcast` + `cmTimerExpired`, no `clearEvent`), updated `TMicropolisAsciiWindow::setup()` in `app/micropolis_ascii_view.cpp` to split interior into map + 16-column palette and insert both views, and registered `micropolis_tool_palette.cpp` in `app/CMakeLists.txt`; build succeeded with `cmake --build build --target test_pattern -j4`, and `ctest --test-dir build --output-on-failure -R "micropolis_(determinism|no_ansi)"` passed all 3 runs (including `micropolis_no_ansi` 3/3), with no `\x1b[` usage found in touched Micropolis view/palette sources; open questions: none.
file update:
diff --git a/app/CMakeLists.txt b/app/CMakeLists.txt
index 45db8fe2eaaf798b73ebbaa68f01176151b140d7..1c60b8e483e1e35f926fbff4c557c34786c724b1
--- a/app/CMakeLists.txt
+++ b/app/CMakeLists.txt
@@ -60,6 +60,7 @@
     paint/paint_tools.cpp
     paint/paint_window.cpp
     micropolis_ascii_view.cpp
+    micropolis_tool_palette.cpp
 )
 target_include_directories(test_pattern PRIVATE ${CMAKE_CURRENT_SOURCE_DIR})
 target_link_libraries(test_pattern PRIVATE tvision)
diff --git a/app/micropolis_ascii_view.cpp b/app/micropolis_ascii_view.cpp
index 7a38c6d2d581b8b01d8da8aa81ff06618e926ad4..29f334041d8e7ba2875ad75a91dee53cceef9d31
--- a/app/micropolis_ascii_view.cpp
+++ b/app/micropolis_ascii_view.cpp
@@ -1,4 +1,5 @@
 #include "micropolis_ascii_view.h"
+#include "micropolis_tool_palette.h"
 
 #define Uses_TWindow
 #define Uses_TEvent
@@ -302,9 +303,18 @@
 
     void setup() {
         options |= ofTileable;
-        TRect c = getExtent();
-        c.grow(-1, -1);
-        insert(new TMicropolisAsciiView(c));
+        TRect interior = getExtent();
+        interior.grow(-1, -1);
+        constexpr int kPaletteW = 16;
+        TRect mapRect = interior;
+        mapRect.b.x -= kPaletteW;
+        TRect palRect = interior;
+        palRect.a.x = interior.b.x - kPaletteW;
+
+        auto *mapView = new TMicropolisAsciiView(mapRect);
+        auto *palette = new TMicropolisToolPalette(palRect, mapView);
+        insert(mapView);
+        insert(palette);
     }
 };
 
diff --git a/app/micropolis_ascii_view.h b/app/micropolis_ascii_view.h
index 0be5c4af2330949ffe637e64f68a3a6286ece20d..8000c01ad81f4556ce1b7c4686c53be5774c2ba0
--- a/app/micropolis_ascii_view.h
+++ b/app/micropolis_ascii_view.h
@@ -18,6 +18,10 @@
     virtual void draw() override;
     virtual void handleEvent(TEvent &ev) override;
     virtual void setState(ushort aState, Boolean enable) override;
+    int activeTool() const { return activeTool_; }
+    std::string lastResult() const { return lastResult_; }
+    int lastResultTick() const { return lastResultTick_; }
+    MicropolisSnapshot snapshot() const { return bridge_.snapshot(); }
 
 private:
     void startTimer();

tokens used
44,518
Implemented the right-hand Micropolis tool palette as a separate `TView` and wired it into the WibWobCity window layout without changing existing keyboard ownership in `TMicropolisAsciiView`: added the four requested public getters in `app/micropolis_ascii_view.h`, created `app/micropolis_tool_palette.h` and `app/micropolis_tool_palette.cpp` with a hardcoded 1–9 tool table, right-aligned costs, header/divider/active/inactive color attributes, and timer-broadcast redraw (`evBroadcast` + `cmTimerExpired`, no `clearEvent`), updated `TMicropolisAsciiWindow::setup()` in `app/micropolis_ascii_view.cpp` to split interior into map + 16-column palette and insert both views, and registered `micropolis_tool_palette.cpp` in `app/CMakeLists.txt`; build succeeded with `cmake --build build --target test_pattern -j4`, and `ctest --test-dir build --output-on-failure -R "micropolis_(determinism|no_ansi)"` passed all 3 runs (including `micropolis_no_ansi` 3/3), with no `\x1b[` usage found in touched Micropolis view/palette sources; open questions: none.
